Deliver- 2025-01-26 21:44:48 [background-preinit] INFO  [TraceId:] o.h.validator.internal.util.Version - HV000001: Hibernate Validator 8.0.1.Final
Deliver- 2025-01-26 21:44:48 [main] INFO  [TraceId:] c.o.d.admin.DeliverAdminApplication - Starting DeliverAdminApplication using Java 17.0.9 with PID 13468 (F:\gitFile\deliver\deliver-backend-admin\target\classes started by 97610 in F:\gitFile\deliver)
Deliver- 2025-01-26 21:44:48 [main] INFO  [TraceId:] c.o.d.admin.DeliverAdminApplication - The following 1 profile is active: "dev"
Deliver- 2025-01-26 21:44:49 [main] INFO  [TraceId:] o.s.d.r.c.RepositoryConfigurationDelegate - Multiple Spring Data modules found, entering strict repository configuration mode
Deliver- 2025-01-26 21:44:49 [main] INFO  [TraceId:] o.s.d.r.c.RepositoryConfigurationDelegate - Bootstrapping Spring Data Redis repositories in DEFAULT mode.
Deliver- 2025-01-26 21:44:49 [main] INFO  [TraceId:] o.s.d.r.c.RepositoryConfigurationDelegate - Finished Spring Data repository scanning in 18 ms. Found 0 Redis repository interfaces.
Deliver- 2025-01-26 21:44:50 [main] INFO  [TraceId:] io.undertow.servlet - Initializing Spring embedded WebApplicationContext
Deliver- 2025-01-26 21:44:50 [main] INFO  [TraceId:] o.s.b.w.s.c.ServletWebServerApplicationContext - Root WebApplicationContext: initialization completed in 2130 ms
Deliver- 2025-01-26 21:44:52 [main] INFO  [TraceId:] org.quartz.impl.StdSchedulerFactory - Using default implementation for ThreadExecutor
Deliver- 2025-01-26 21:44:52 [main] INFO  [TraceId:] o.quartz.core.SchedulerSignalerImpl - Initialized Scheduler Signaller of type: class org.quartz.core.SchedulerSignalerImpl
Deliver- 2025-01-26 21:44:52 [main] INFO  [TraceId:] org.quartz.core.QuartzScheduler - Quartz Scheduler v.2.3.2 created.
Deliver- 2025-01-26 21:44:52 [main] INFO  [TraceId:] org.quartz.simpl.RAMJobStore - RAMJobStore initialized.
Deliver- 2025-01-26 21:44:52 [main] INFO  [TraceId:] org.quartz.core.QuartzScheduler - Scheduler meta-data: Quartz Scheduler (v2.3.2) 'InMemoryScheduler' with instanceId 'NON_CLUSTERED'
  Scheduler class: 'org.quartz.core.QuartzScheduler' - running locally.
  NOT STARTED.
  Currently in standby mode.
  Number of jobs executed: 0
  Using thread pool 'org.quartz.simpl.SimpleThreadPool' - with 5 threads.
  Using job-store 'org.quartz.simpl.RAMJobStore' - which does not support persistence. and is not clustered.

Deliver- 2025-01-26 21:44:52 [main] INFO  [TraceId:] org.quartz.impl.StdSchedulerFactory - Quartz scheduler 'InMemoryScheduler' initialized from an externally provided properties instance.
Deliver- 2025-01-26 21:44:52 [main] INFO  [TraceId:] org.quartz.impl.StdSchedulerFactory - Quartz scheduler version: 2.3.2
Deliver- 2025-01-26 21:44:52 [main] INFO  [TraceId:] org.quartz.core.QuartzScheduler - JobFactory set to: org.springframework.scheduling.quartz.SpringBeanJobFactory@5b2ff4df
Deliver- 2025-01-26 21:44:52 [main] INFO  [TraceId:] io.undertow - starting server: Undertow - 2.3.8.Final
Deliver- 2025-01-26 21:44:52 [main] INFO  [TraceId:] org.xnio - XNIO version 3.8.8.Final
Deliver- 2025-01-26 21:44:52 [main] INFO  [TraceId:] org.xnio.nio - XNIO NIO Implementation Version 3.8.8.Final
Deliver- 2025-01-26 21:44:52 [main] INFO  [TraceId:] org.jboss.threads - JBoss Threads version 3.5.0.Final
Deliver- 2025-01-26 21:44:52 [main] INFO  [TraceId:] o.s.b.w.e.undertow.UndertowWebServer - Undertow started on port(s) 9091 (http) with context path '/admin'
Deliver- 2025-01-26 21:44:52 [main] INFO  [TraceId:] o.s.s.quartz.SchedulerFactoryBean - Starting Quartz Scheduler now
Deliver- 2025-01-26 21:44:52 [main] INFO  [TraceId:] org.quartz.core.QuartzScheduler - Scheduler InMemoryScheduler_$_NON_CLUSTERED started.
Deliver- 2025-01-26 21:44:52 [main] INFO  [TraceId:] c.o.d.admin.DeliverAdminApplication - Started DeliverAdminApplication in 4.52 seconds (process running for 7.986)
Deliver- 2025-01-26 21:46:15 [XNIO-1 task-2] INFO  [TraceId:] io.undertow.servlet - Initializing Spring DispatcherServlet 'dispatcherServlet'
Deliver- 2025-01-26 21:46:15 [XNIO-1 task-2] INFO  [TraceId:] o.s.web.servlet.DispatcherServlet - Initializing Servlet 'dispatcherServlet'
Deliver- 2025-01-26 21:46:15 [XNIO-1 task-2] INFO  [TraceId:] o.s.web.servlet.DispatcherServlet - Completed initialization in 0 ms
Deliver- 2025-01-26 21:46:15 [XNIO-1 task-2] INFO  [TraceId:b5d36cd3-64ac-4eb5-882e-9bcfa9bbc4b0] c.o.deliver.admin.aop.ControllerAop - IP地址为: 127.0.0.1，请求进入 [com.oszero.deliver.admin.controller.TemplateController#search] 请求参数为: [{"currentPage":1,"pageSize":10}]
Deliver- 2025-01-26 21:46:15 [XNIO-1 task-2] INFO  [TraceId:b5d36cd3-64ac-4eb5-882e-9bcfa9bbc4b0] c.alibaba.druid.pool.DruidDataSource - {dataSource-1} inited
Deliver- 2025-01-26 21:46:16 [XNIO-1 task-2] INFO  [TraceId:b5d36cd3-64ac-4eb5-882e-9bcfa9bbc4b0] c.o.deliver.admin.aop.ControllerAop - IP地址为: 127.0.0.1，请求返回 [com.oszero.deliver.admin.controller.TemplateController#search] 响应参数为: {"code":200,"data":{"records":[{"templateId":6,"templateName":"测试飞书消息","pushRange":1,"usersType":4,"pushWays":"{\"channelType\":6,\"messageType\":\"1\"}","useCount":0,"templateStatus":1,"createUser":"oszero.cn(零号开源)","createTime":1736589571000,"updateTime":1736589579000,"appId":6,"appName":"飞书消息测试1"},{"templateId":4,"templateName":"测试钉钉机器人消息发送2","pushRange":1,"usersType":4,"pushWays":"{\"channelType\":4,\"messageType\":\"1\"}","useCount":0,"templateStatus":1,"createUser":"oszero.cn(零号开源)","createTime":1736072522000,"updateTime":1736072545000,"appId":4,"appName":"钉钉消息测试2"},{"templateId":3,"templateName":"测试钉钉工作消息发送1","pushRange":1,"usersType":4,"pushWays":"{\"channelType\":4,\"messageType\":\"1\"}","useCount":0,"templateStatus":1,"createUser":"oszero.cn(零号开源)","createTime":1736068422000,"updateTime":1736068439000,"appId":3,"appName":"钉钉消息测试1"},{"templateId":2,"templateName":"测试发送短信1","pushRange":1,"usersType":2,"pushWays":"{\"channelType\":2,\"messageType\":\"1\"}","useCount":0,"templateStatus":1,"createUser":"oszero.cn(零号开源)","createTime":1735480800000,"updateTime":1735480814000,"appId":2,"appName":"阿里云短信测试"},{"templateId":1,"templateName":"测试邮箱1","pushRange":1,"usersType":3,"pushWays":"{\"channelType\":3,\"messageType\":\"1\"}","useCount":0,"templateStatus":1,"createUser":"oszero.cn(零号开源)","createTime":1735381780000,"updateTime":1735381793000,"appId":1,"appName":"163邮箱"}],"total":5,"size":10,"current":1,"orders":[],"optimizeCountSql":true,"searchCount":true}}
Deliver- 2025-01-26 21:46:30 [XNIO-1 task-2] INFO  [TraceId:8acfdf7f-c806-4cca-9f13-e26b57d9f5fa] c.o.deliver.admin.aop.ControllerAop - IP地址为: 127.0.0.1，请求进入 [com.oszero.deliver.admin.controller.TemplateController#getMessageParamByMessageType] 请求参数为: [{"messageType":"1","channelType":2}]
Deliver- 2025-01-26 21:46:30 [XNIO-1 task-2] INFO  [TraceId:8acfdf7f-c806-4cca-9f13-e26b57d9f5fa] c.o.deliver.admin.aop.ControllerAop - IP地址为: 127.0.0.1，请求返回 [com.oszero.deliver.admin.controller.TemplateController#getMessageParamByMessageType] 响应参数为: {"code":200,"data":"{\n   \"aliyun\": {\n     \"smsProvider\": \"aliyun --指定提供商 必须\",\n     \"region\": \"服务地址 cn-zhangjiakou 或者 cn-beijing 或者 cn-huhehaote 等 必须\",\n     \"signName\": \"短信签名名称  必须\",\n     \"templateCode\": \"短信模板Code 必须\",\n     \"templateParam\": \"{有参数情况下必须}\",\n     \"outId\": \"外部流水扩展字段   非必须\",\n     \"smsUpExtendCode\": \"上行短信扩展码 非必须\"\n   },\n   \"tencent\": {\n     \"smsProvider\": \"tencent 必填\",\n     \"region\": \"ap-beijing 或 ap-guangzhou 或 ap-nanjing 必填\",\n     \"smsSdkAppId\": \"必填\",\n     \"signName\": \"必填\",\n     \"templateId\": \"必填\",\n     \"templateParam\": [\n       \"有动态参数，必填\"\n     ],\n     \"extendCode\": \"短信码号扩展号 非必填\",\n     \"sessionContext\": \"用户的 session 内容，可以携带用户侧 ID 等上下文信息，server 会原样返回 非必填\",\n     \"senderId\": \"国内短信无需填写该项；国际/港澳台短信已申请独立 SenderId 需要填写该字段，默认使用公共 SenderId，无需填写该字段。 非必填\"\n   }\n }\n"}
Deliver- 2025-01-26 21:46:35 [XNIO-1 task-2] INFO  [TraceId:92e79657-4ee0-4416-8a86-9f09c4c609ac] c.o.deliver.admin.aop.ControllerAop - IP地址为: 127.0.0.1，请求进入 [com.oszero.deliver.admin.controller.TemplateController#getMessageParamByMessageType] 请求参数为: [{"messageType":"1","channelType":3}]
Deliver- 2025-01-26 21:46:35 [XNIO-1 task-2] INFO  [TraceId:92e79657-4ee0-4416-8a86-9f09c4c609ac] c.o.deliver.admin.aop.ControllerAop - IP地址为: 127.0.0.1，请求返回 [com.oszero.deliver.admin.controller.TemplateController#getMessageParamByMessageType] 响应参数为: {"code":200,"data":"{\n    \"title\": \"dsadas\",\n    \"content\": \"test\",\n    \"toCC\": [\n        \"xxx\"\n    ],\n    \"toBCC\": [\n        \"xxx\"\n    ],\n    \"htmlFlag\": true\n}\n"}
Deliver- 2025-01-26 21:47:09 [XNIO-1 task-2] INFO  [TraceId:a2c341ce-f813-4fa4-90cf-991bd938d1aa] c.o.deliver.admin.aop.ControllerAop - IP地址为: 127.0.0.1，请求进入 [com.oszero.deliver.admin.controller.TemplateController#testSendMessage] 请求参数为: [{"templateId":1,"users":["976107020@qq.com"],"paramMap":{"title":"测试邮件","content":"你好,你好","toCC":[],"toBCC":[],"htmlFlag":true},"retry":2}]
Deliver- 2025-01-26 21:57:52 [XNIO-1 task-2] INFO  [TraceId:a2c341ce-f813-4fa4-90cf-991bd938d1aa] c.o.deliver.admin.aop.ControllerAop - IP地址为: 127.0.0.1，请求返回 [com.oszero.deliver.admin.controller.TemplateController#testSendMessage] 响应参数为: {"code":200}
Deliver- 2025-01-26 22:02:20 [SpringApplicationShutdownHook] INFO  [TraceId:] org.quartz.core.QuartzScheduler - Scheduler InMemoryScheduler_$_NON_CLUSTERED paused.
Deliver- 2025-01-26 22:02:20 [SpringApplicationShutdownHook] INFO  [TraceId:] io.undertow - stopping server: Undertow - 2.3.8.Final
Deliver- 2025-01-26 22:02:20 [SpringApplicationShutdownHook] INFO  [TraceId:] io.undertow.servlet - Destroying Spring FrameworkServlet 'dispatcherServlet'
Deliver- 2025-01-26 22:02:20 [SpringApplicationShutdownHook] INFO  [TraceId:] o.s.s.quartz.SchedulerFactoryBean - Shutting down Quartz Scheduler
Deliver- 2025-01-26 22:02:20 [SpringApplicationShutdownHook] INFO  [TraceId:] org.quartz.core.QuartzScheduler - Scheduler InMemoryScheduler_$_NON_CLUSTERED shutting down.
Deliver- 2025-01-26 22:02:20 [SpringApplicationShutdownHook] INFO  [TraceId:] org.quartz.core.QuartzScheduler - Scheduler InMemoryScheduler_$_NON_CLUSTERED paused.
Deliver- 2025-01-26 22:02:20 [SpringApplicationShutdownHook] INFO  [TraceId:] org.quartz.core.QuartzScheduler - Scheduler InMemoryScheduler_$_NON_CLUSTERED shutdown complete.
Deliver- 2025-01-26 22:02:20 [SpringApplicationShutdownHook] INFO  [TraceId:] c.alibaba.druid.pool.DruidDataSource - {dataSource-1} closing ...
Deliver- 2025-01-26 22:02:20 [SpringApplicationShutdownHook] INFO  [TraceId:] c.alibaba.druid.pool.DruidDataSource - {dataSource-1} closed
