Deliver- 2025-02-03 15:20:56 [main] WARN  [TraceId:] io.undertow.websockets.jsr - UT026010: Buffer pool was not set on WebSocketDeploymentInfo, the default pool will be used
Deliver- 2025-02-03 15:20:57 [main] WARN  [TraceId:] c.b.m.c.injector.DefaultSqlInjector - class com.oszero.deliver.server.model.entity.MessageRecord ,Not found @TableId annotation, Cannot use Mybatis-Plus 'xxById' Method.
Deliver- 2025-02-03 15:20:59 [main] WARN  [TraceId:] o.a.r.s.a.RocketMQAutoConfiguration - The necessary spring property 'rocketmq.name-server' is not defined, all rockertmq beans creation are skipped!
Deliver- 2025-02-03 15:21:00 [main] WARN  [TraceId:] o.s.c.LocalVariableTableParameterNameDiscoverer - Using deprecated '-debug' fallback for parameter name resolution. Compile the affected code with '-parameters' instead or avoid its introspection: org.springframework.amqp.rabbit.core.RabbitAdmin
Deliver- 2025-02-03 15:26:29 [main] WARN  [TraceId:] io.undertow.websockets.jsr - UT026010: Buffer pool was not set on WebSocketDeploymentInfo, the default pool will be used
Deliver- 2025-02-03 15:26:29 [main] WARN  [TraceId:] c.b.m.c.injector.DefaultSqlInjector - class com.oszero.deliver.server.model.entity.MessageRecord ,Not found @TableId annotation, Cannot use Mybatis-Plus 'xxById' Method.
Deliver- 2025-02-03 15:26:31 [main] WARN  [TraceId:] o.a.r.s.a.RocketMQAutoConfiguration - The necessary spring property 'rocketmq.name-server' is not defined, all rockertmq beans creation are skipped!
Deliver- 2025-02-03 15:26:32 [main] WARN  [TraceId:] o.s.c.LocalVariableTableParameterNameDiscoverer - Using deprecated '-debug' fallback for parameter name resolution. Compile the affected code with '-parameters' instead or avoid its introspection: org.springframework.amqp.rabbit.core.RabbitAdmin
Deliver- 2025-02-03 16:45:31 [main] WARN  [TraceId:] io.undertow.websockets.jsr - UT026010: Buffer pool was not set on WebSocketDeploymentInfo, the default pool will be used
Deliver- 2025-02-03 16:45:32 [main] WARN  [TraceId:] c.b.m.c.injector.DefaultSqlInjector - class com.oszero.deliver.server.model.entity.MessageRecord ,Not found @TableId annotation, Cannot use Mybatis-Plus 'xxById' Method.
Deliver- 2025-02-03 16:45:33 [main] WARN  [TraceId:] o.a.r.s.a.RocketMQAutoConfiguration - The necessary spring property 'rocketmq.name-server' is not defined, all rockertmq beans creation are skipped!
Deliver- 2025-02-03 16:45:34 [main] WARN  [TraceId:] o.s.c.LocalVariableTableParameterNameDiscoverer - Using deprecated '-debug' fallback for parameter name resolution. Compile the affected code with '-parameters' instead or avoid its introspection: org.springframework.amqp.rabbit.core.RabbitAdmin
Deliver- 2025-02-03 16:49:11 [main] WARN  [TraceId:] io.undertow.websockets.jsr - UT026010: Buffer pool was not set on WebSocketDeploymentInfo, the default pool will be used
Deliver- 2025-02-03 16:49:12 [main] WARN  [TraceId:] c.b.m.c.injector.DefaultSqlInjector - class com.oszero.deliver.server.model.entity.MessageRecord ,Not found @TableId annotation, Cannot use Mybatis-Plus 'xxById' Method.
Deliver- 2025-02-03 16:49:14 [main] WARN  [TraceId:] o.a.r.s.a.RocketMQAutoConfiguration - The necessary spring property 'rocketmq.name-server' is not defined, all rockertmq beans creation are skipped!
Deliver- 2025-02-03 16:49:14 [main] WARN  [TraceId:] o.s.c.LocalVariableTableParameterNameDiscoverer - Using deprecated '-debug' fallback for parameter name resolution. Compile the affected code with '-parameters' instead or avoid its introspection: org.springframework.amqp.rabbit.core.RabbitAdmin
Deliver- 2025-02-03 16:50:17 [main] WARN  [TraceId:] io.undertow.websockets.jsr - UT026010: Buffer pool was not set on WebSocketDeploymentInfo, the default pool will be used
Deliver- 2025-02-03 16:50:18 [main] WARN  [TraceId:] c.b.m.c.injector.DefaultSqlInjector - class com.oszero.deliver.server.model.entity.MessageRecord ,Not found @TableId annotation, Cannot use Mybatis-Plus 'xxById' Method.
Deliver- 2025-02-03 16:57:02 [RMI TCP Connection(3)-192.168.253.1] WARN  [TraceId:] javax.management.remote.misc - The server has decided to close this client connection.
Deliver- 2025-02-03 16:57:17 [main] WARN  [TraceId:] o.a.r.s.a.RocketMQAutoConfiguration - The necessary spring property 'rocketmq.name-server' is not defined, all rockertmq beans creation are skipped!
Deliver- 2025-02-03 16:57:18 [main] WARN  [TraceId:] o.s.c.LocalVariableTableParameterNameDiscoverer - Using deprecated '-debug' fallback for parameter name resolution. Compile the affected code with '-parameters' instead or avoid its introspection: org.springframework.amqp.rabbit.core.RabbitAdmin
Deliver- 2025-02-03 16:59:31 [main] WARN  [TraceId:] io.undertow.websockets.jsr - UT026010: Buffer pool was not set on WebSocketDeploymentInfo, the default pool will be used
Deliver- 2025-02-03 16:59:31 [main] WARN  [TraceId:] c.b.m.c.injector.DefaultSqlInjector - class com.oszero.deliver.server.model.entity.MessageRecord ,Not found @TableId annotation, Cannot use Mybatis-Plus 'xxById' Method.
Deliver- 2025-02-03 17:00:56 [main] WARN  [TraceId:] o.a.r.s.a.RocketMQAutoConfiguration - The necessary spring property 'rocketmq.name-server' is not defined, all rockertmq beans creation are skipped!
Deliver- 2025-02-03 17:00:57 [main] WARN  [TraceId:] o.s.c.LocalVariableTableParameterNameDiscoverer - Using deprecated '-debug' fallback for parameter name resolution. Compile the affected code with '-parameters' instead or avoid its introspection: org.springframework.amqp.rabbit.core.RabbitAdmin
Deliver- 2025-02-03 17:04:07 [main] WARN  [TraceId:] io.undertow.websockets.jsr - UT026010: Buffer pool was not set on WebSocketDeploymentInfo, the default pool will be used
Deliver- 2025-02-03 17:04:07 [main] WARN  [TraceId:] c.b.m.c.injector.DefaultSqlInjector - class com.oszero.deliver.server.model.entity.MessageRecord ,Not found @TableId annotation, Cannot use Mybatis-Plus 'xxById' Method.
Deliver- 2025-02-03 17:04:23 [main] WARN  [TraceId:] o.a.r.s.a.RocketMQAutoConfiguration - The necessary spring property 'rocketmq.name-server' is not defined, all rockertmq beans creation are skipped!
Deliver- 2025-02-03 17:04:24 [main] WARN  [TraceId:] o.s.c.LocalVariableTableParameterNameDiscoverer - Using deprecated '-debug' fallback for parameter name resolution. Compile the affected code with '-parameters' instead or avoid its introspection: org.springframework.amqp.rabbit.core.RabbitAdmin
Deliver- 2025-02-03 17:04:51 [main] WARN  [TraceId:] io.undertow.websockets.jsr - UT026010: Buffer pool was not set on WebSocketDeploymentInfo, the default pool will be used
Deliver- 2025-02-03 17:04:52 [main] WARN  [TraceId:] c.b.m.c.injector.DefaultSqlInjector - class com.oszero.deliver.server.model.entity.MessageRecord ,Not found @TableId annotation, Cannot use Mybatis-Plus 'xxById' Method.
Deliver- 2025-02-03 17:04:53 [main] WARN  [TraceId:] o.a.r.s.a.RocketMQAutoConfiguration - The necessary spring property 'rocketmq.name-server' is not defined, all rockertmq beans creation are skipped!
Deliver- 2025-02-03 17:04:54 [main] WARN  [TraceId:] o.s.c.LocalVariableTableParameterNameDiscoverer - Using deprecated '-debug' fallback for parameter name resolution. Compile the affected code with '-parameters' instead or avoid its introspection: org.springframework.amqp.rabbit.core.RabbitAdmin
Deliver- 2025-02-03 17:13:17 [main] WARN  [TraceId:] io.undertow.websockets.jsr - UT026010: Buffer pool was not set on WebSocketDeploymentInfo, the default pool will be used
Deliver- 2025-02-03 17:13:17 [main] WARN  [TraceId:] c.b.m.c.injector.DefaultSqlInjector - class com.oszero.deliver.server.model.entity.MessageRecord ,Not found @TableId annotation, Cannot use Mybatis-Plus 'xxById' Method.
Deliver- 2025-02-03 17:13:19 [main] WARN  [TraceId:] o.a.r.s.a.RocketMQAutoConfiguration - The necessary spring property 'rocketmq.name-server' is not defined, all rockertmq beans creation are skipped!
Deliver- 2025-02-03 17:13:20 [main] WARN  [TraceId:] o.s.c.LocalVariableTableParameterNameDiscoverer - Using deprecated '-debug' fallback for parameter name resolution. Compile the affected code with '-parameters' instead or avoid its introspection: org.springframework.amqp.rabbit.core.RabbitAdmin
Deliver- 2025-02-03 17:14:08 [main] WARN  [TraceId:] io.undertow.websockets.jsr - UT026010: Buffer pool was not set on WebSocketDeploymentInfo, the default pool will be used
Deliver- 2025-02-03 17:14:09 [main] WARN  [TraceId:] c.b.m.c.injector.DefaultSqlInjector - class com.oszero.deliver.server.model.entity.MessageRecord ,Not found @TableId annotation, Cannot use Mybatis-Plus 'xxById' Method.
Deliver- 2025-02-03 17:15:15 [main] WARN  [TraceId:] o.a.r.s.a.RocketMQAutoConfiguration - The necessary spring property 'rocketmq.name-server' is not defined, all rockertmq beans creation are skipped!
Deliver- 2025-02-03 17:15:16 [main] WARN  [TraceId:] o.s.c.LocalVariableTableParameterNameDiscoverer - Using deprecated '-debug' fallback for parameter name resolution. Compile the affected code with '-parameters' instead or avoid its introspection: org.springframework.amqp.rabbit.core.RabbitAdmin
Deliver- 2025-02-03 17:18:45 [main] WARN  [TraceId:] io.undertow.websockets.jsr - UT026010: Buffer pool was not set on WebSocketDeploymentInfo, the default pool will be used
Deliver- 2025-02-03 17:18:46 [main] WARN  [TraceId:] c.b.m.c.injector.DefaultSqlInjector - class com.oszero.deliver.server.model.entity.MessageRecord ,Not found @TableId annotation, Cannot use Mybatis-Plus 'xxById' Method.
Deliver- 2025-02-03 17:18:47 [main] WARN  [TraceId:] o.a.r.s.a.RocketMQAutoConfiguration - The necessary spring property 'rocketmq.name-server' is not defined, all rockertmq beans creation are skipped!
Deliver- 2025-02-03 17:18:48 [main] WARN  [TraceId:] o.s.c.LocalVariableTableParameterNameDiscoverer - Using deprecated '-debug' fallback for parameter name resolution. Compile the affected code with '-parameters' instead or avoid its introspection: org.springframework.amqp.rabbit.core.RabbitAdmin
Deliver- 2025-02-03 17:22:36 [main] WARN  [TraceId:] io.undertow.websockets.jsr - UT026010: Buffer pool was not set on WebSocketDeploymentInfo, the default pool will be used
Deliver- 2025-02-03 17:22:36 [main] WARN  [TraceId:] c.b.m.c.injector.DefaultSqlInjector - class com.oszero.deliver.server.model.entity.MessageRecord ,Not found @TableId annotation, Cannot use Mybatis-Plus 'xxById' Method.
Deliver- 2025-02-03 17:22:38 [main] WARN  [TraceId:] o.a.r.s.a.RocketMQAutoConfiguration - The necessary spring property 'rocketmq.name-server' is not defined, all rockertmq beans creation are skipped!
Deliver- 2025-02-03 17:22:39 [main] WARN  [TraceId:] o.s.c.LocalVariableTableParameterNameDiscoverer - Using deprecated '-debug' fallback for parameter name resolution. Compile the affected code with '-parameters' instead or avoid its introspection: org.springframework.amqp.rabbit.core.RabbitAdmin
Deliver- 2025-02-03 17:27:17 [main] WARN  [TraceId:] io.undertow.websockets.jsr - UT026010: Buffer pool was not set on WebSocketDeploymentInfo, the default pool will be used
Deliver- 2025-02-03 17:27:17 [main] WARN  [TraceId:] c.b.m.c.injector.DefaultSqlInjector - class com.oszero.deliver.server.model.entity.MessageRecord ,Not found @TableId annotation, Cannot use Mybatis-Plus 'xxById' Method.
Deliver- 2025-02-03 17:27:19 [main] WARN  [TraceId:] o.a.r.s.a.RocketMQAutoConfiguration - The necessary spring property 'rocketmq.name-server' is not defined, all rockertmq beans creation are skipped!
Deliver- 2025-02-03 17:27:20 [main] WARN  [TraceId:] o.s.c.LocalVariableTableParameterNameDiscoverer - Using deprecated '-debug' fallback for parameter name resolution. Compile the affected code with '-parameters' instead or avoid its introspection: org.springframework.amqp.rabbit.core.RabbitAdmin
Deliver- 2025-02-03 17:44:01 [main] WARN  [TraceId:] io.undertow.websockets.jsr - UT026010: Buffer pool was not set on WebSocketDeploymentInfo, the default pool will be used
Deliver- 2025-02-03 17:44:02 [main] WARN  [TraceId:] c.b.m.c.injector.DefaultSqlInjector - class com.oszero.deliver.server.model.entity.MessageRecord ,Not found @TableId annotation, Cannot use Mybatis-Plus 'xxById' Method.
Deliver- 2025-02-03 17:44:06 [main] WARN  [TraceId:] o.a.r.s.a.RocketMQAutoConfiguration - The necessary spring property 'rocketmq.name-server' is not defined, all rockertmq beans creation are skipped!
Deliver- 2025-02-03 17:44:07 [main] WARN  [TraceId:] o.s.c.LocalVariableTableParameterNameDiscoverer - Using deprecated '-debug' fallback for parameter name resolution. Compile the affected code with '-parameters' instead or avoid its introspection: org.springframework.amqp.rabbit.core.RabbitAdmin
Deliver- 2025-02-03 17:55:58 [main] WARN  [TraceId:] io.undertow.websockets.jsr - UT026010: Buffer pool was not set on WebSocketDeploymentInfo, the default pool will be used
Deliver- 2025-02-03 17:55:59 [main] WARN  [TraceId:] c.b.m.c.injector.DefaultSqlInjector - class com.oszero.deliver.server.model.entity.MessageRecord ,Not found @TableId annotation, Cannot use Mybatis-Plus 'xxById' Method.
Deliver- 2025-02-03 17:56:01 [main] WARN  [TraceId:] o.a.r.s.a.RocketMQAutoConfiguration - The necessary spring property 'rocketmq.name-server' is not defined, all rockertmq beans creation are skipped!
Deliver- 2025-02-03 17:56:02 [main] WARN  [TraceId:] o.s.c.LocalVariableTableParameterNameDiscoverer - Using deprecated '-debug' fallback for parameter name resolution. Compile the affected code with '-parameters' instead or avoid its introspection: org.springframework.amqp.rabbit.core.RabbitAdmin
Deliver- 2025-02-03 17:59:10 [XNIO-1 task-2] WARN  [TraceId:c635d310-16c4-436a-aa23-bb82805853e2] o.s.w.s.m.m.a.ExceptionHandlerExceptionResolver - Failure in @ExceptionHandler com.oszero.deliver.server.exception.GlobalExceptionHandler#handleThrowable(Exception, HttpServletRequest)
java.io.IOException: UT010029: Stream is closed
	at io.undertow.servlet.spec.ServletOutputStreamImpl.write(ServletOutputStreamImpl.java:139)
	at org.springframework.util.StreamUtils$NonClosingOutputStream.write(StreamUtils.java:267)
	at com.fasterxml.jackson.core.json.UTF8JsonGenerator._flushBuffer(UTF8JsonGenerator.java:2203)
	at com.fasterxml.jackson.core.json.UTF8JsonGenerator.flush(UTF8JsonGenerator.java:1197)
	at com.fasterxml.jackson.databind.ObjectWriter.writeValue(ObjectWriter.java:1063)
	at org.springframework.http.converter.json.AbstractJackson2HttpMessageConverter.writeInternal(AbstractJackson2HttpMessageConverter.java:483)
	at org.springframework.http.converter.AbstractGenericHttpMessageConverter.write(AbstractGenericHttpMessageConverter.java:103)
	at org.springframework.web.servlet.mvc.method.annotation.AbstractMessageConverterMethodProcessor.writeWithMessageConverters(AbstractMessageConverterMethodProcessor.java:297)
	at org.springframework.web.servlet.mvc.method.annotation.RequestResponseBodyMethodProcessor.handleReturnValue(RequestResponseBodyMethodProcessor.java:194)
	at org.springframework.web.method.support.HandlerMethodReturnValueHandlerComposite.handleReturnValue(HandlerMethodReturnValueHandlerComposite.java:78)
	at org.springframework.web.servlet.mvc.method.annotation.ServletInvocableHandlerMethod.invokeAndHandle(ServletInvocableHandlerMethod.java:136)
	at org.springframework.web.servlet.mvc.method.annotation.ExceptionHandlerExceptionResolver.doResolveHandlerMethodException(ExceptionHandlerExceptionResolver.java:413)
	at org.springframework.web.servlet.handler.AbstractHandlerMethodExceptionResolver.doResolveException(AbstractHandlerMethodExceptionResolver.java:74)
	at org.springframework.web.servlet.handler.AbstractHandlerExceptionResolver.resolveException(AbstractHandlerExceptionResolver.java:141)
	at org.springframework.web.servlet.handler.HandlerExceptionResolverComposite.resolveException(HandlerExceptionResolverComposite.java:80)
	at org.springframework.web.servlet.DispatcherServlet.processHandlerException(DispatcherServlet.java:1341)
	at org.springframework.web.servlet.DispatcherServlet.processDispatchResult(DispatcherServlet.java:1152)
	at org.springframework.web.servlet.DispatcherServlet.doDispatch(DispatcherServlet.java:1098)
	at org.springframework.web.servlet.DispatcherServlet.doService(DispatcherServlet.java:974)
	at org.springframework.web.servlet.FrameworkServlet.processRequest(FrameworkServlet.java:1011)
	at org.springframework.web.servlet.FrameworkServlet.doPost(FrameworkServlet.java:914)
	at jakarta.servlet.http.HttpServlet.service(HttpServlet.java:547)
	at org.springframework.web.servlet.FrameworkServlet.service(FrameworkServlet.java:885)
	at jakarta.servlet.http.HttpServlet.service(HttpServlet.java:614)
	at io.undertow.servlet.handlers.ServletHandler.handleRequest(ServletHandler.java:74)
	at io.undertow.servlet.handlers.FilterHandler$FilterChainImpl.doFilter(FilterHandler.java:129)
	at org.springframework.web.filter.RequestContextFilter.doFilterInternal(RequestContextFilter.java:100)
	at org.springframework.web.filter.OncePerRequestFilter.doFilter(OncePerRequestFilter.java:116)
	at io.undertow.servlet.core.ManagedFilter.doFilter(ManagedFilter.java:67)
	at io.undertow.servlet.handlers.FilterHandler$FilterChainImpl.doFilter(FilterHandler.java:131)
	at org.springframework.web.filter.FormContentFilter.doFilterInternal(FormContentFilter.java:93)
	at org.springframework.web.filter.OncePerRequestFilter.doFilter(OncePerRequestFilter.java:116)
	at io.undertow.servlet.core.ManagedFilter.doFilter(ManagedFilter.java:67)
	at io.undertow.servlet.handlers.FilterHandler$FilterChainImpl.doFilter(FilterHandler.java:131)
	at org.springframework.web.filter.ServerHttpObservationFilter.doFilterInternal(ServerHttpObservationFilter.java:109)
	at org.springframework.web.filter.OncePerRequestFilter.doFilter(OncePerRequestFilter.java:116)
	at io.undertow.servlet.core.ManagedFilter.doFilter(ManagedFilter.java:67)
	at io.undertow.servlet.handlers.FilterHandler$FilterChainImpl.doFilter(FilterHandler.java:131)
	at org.springframework.web.filter.CharacterEncodingFilter.doFilterInternal(CharacterEncodingFilter.java:201)
	at org.springframework.web.filter.OncePerRequestFilter.doFilter(OncePerRequestFilter.java:116)
	at io.undertow.servlet.core.ManagedFilter.doFilter(ManagedFilter.java:67)
	at io.undertow.servlet.handlers.FilterHandler$FilterChainImpl.doFilter(FilterHandler.java:131)
	at io.undertow.servlet.handlers.FilterHandler.handleRequest(FilterHandler.java:84)
	at io.undertow.servlet.handlers.security.ServletSecurityRoleHandler.handleRequest(ServletSecurityRoleHandler.java:62)
	at io.undertow.servlet.handlers.ServletChain$1.handleRequest(ServletChain.java:68)
	at io.undertow.servlet.handlers.ServletDispatchingHandler.handleRequest(ServletDispatchingHandler.java:36)
	at io.undertow.servlet.handlers.RedirectDirHandler.handleRequest(RedirectDirHandler.java:68)
	at io.undertow.servlet.handlers.security.SSLInformationAssociationHandler.handleRequest(SSLInformationAssociationHandler.java:117)
	at io.undertow.servlet.handlers.security.ServletAuthenticationCallHandler.handleRequest(ServletAuthenticationCallHandler.java:57)
	at io.undertow.server.handlers.PredicateHandler.handleRequest(PredicateHandler.java:43)
	at io.undertow.security.handlers.AbstractConfidentialityHandler.handleRequest(AbstractConfidentialityHandler.java:46)
	at io.undertow.servlet.handlers.security.ServletConfidentialityConstraintHandler.handleRequest(ServletConfidentialityConstraintHandler.java:64)
	at io.undertow.security.handlers.AuthenticationMechanismsHandler.handleRequest(AuthenticationMechanismsHandler.java:60)
	at io.undertow.servlet.handlers.security.CachedAuthenticatedSessionHandler.handleRequest(CachedAuthenticatedSessionHandler.java:77)
	at io.undertow.security.handlers.AbstractSecurityContextAssociationHandler.handleRequest(AbstractSecurityContextAssociationHandler.java:43)
	at io.undertow.server.handlers.PredicateHandler.handleRequest(PredicateHandler.java:43)
	at io.undertow.servlet.handlers.SendErrorPageHandler.handleRequest(SendErrorPageHandler.java:52)
	at io.undertow.server.handlers.PredicateHandler.handleRequest(PredicateHandler.java:43)
	at io.undertow.servlet.handlers.ServletInitialHandler.handleFirstRequest(ServletInitialHandler.java:276)
	at io.undertow.servlet.handlers.ServletInitialHandler$2.call(ServletInitialHandler.java:135)
	at io.undertow.servlet.handlers.ServletInitialHandler$2.call(ServletInitialHandler.java:132)
	at io.undertow.servlet.core.ServletRequestContextThreadSetupAction$1.call(ServletRequestContextThreadSetupAction.java:48)
	at io.undertow.servlet.core.ContextClassLoaderSetupAction$1.call(ContextClassLoaderSetupAction.java:43)
	at io.undertow.servlet.handlers.ServletInitialHandler.dispatchRequest(ServletInitialHandler.java:256)
	at io.undertow.servlet.handlers.ServletInitialHandler$1.handleRequest(ServletInitialHandler.java:101)
	at io.undertow.server.Connectors.executeRootHandler(Connectors.java:393)
	at io.undertow.server.HttpServerExchange$1.run(HttpServerExchange.java:859)
	at org.jboss.threads.ContextHandler$1.runWith(ContextHandler.java:18)
	at org.jboss.threads.EnhancedQueueExecutor$Task.run(EnhancedQueueExecutor.java:2513)
	at org.jboss.threads.EnhancedQueueExecutor$ThreadBody.run(EnhancedQueueExecutor.java:1512)
	at org.xnio.XnioWorker$WorkerThreadFactory$1$1.run(XnioWorker.java:1282)
	at java.base/java.lang.Thread.run(Thread.java:842)
Deliver- 2025-02-03 17:59:16 [main] WARN  [TraceId:] io.undertow.websockets.jsr - UT026010: Buffer pool was not set on WebSocketDeploymentInfo, the default pool will be used
Deliver- 2025-02-03 17:59:17 [main] WARN  [TraceId:] c.b.m.c.injector.DefaultSqlInjector - class com.oszero.deliver.server.model.entity.MessageRecord ,Not found @TableId annotation, Cannot use Mybatis-Plus 'xxById' Method.
Deliver- 2025-02-03 17:59:19 [main] WARN  [TraceId:] o.a.r.s.a.RocketMQAutoConfiguration - The necessary spring property 'rocketmq.name-server' is not defined, all rockertmq beans creation are skipped!
Deliver- 2025-02-03 17:59:19 [main] WARN  [TraceId:] o.s.c.LocalVariableTableParameterNameDiscoverer - Using deprecated '-debug' fallback for parameter name resolution. Compile the affected code with '-parameters' instead or avoid its introspection: org.springframework.amqp.rabbit.core.RabbitAdmin
Deliver- 2025-02-03 18:03:09 [main] WARN  [TraceId:] io.undertow.websockets.jsr - UT026010: Buffer pool was not set on WebSocketDeploymentInfo, the default pool will be used
Deliver- 2025-02-03 18:03:10 [main] WARN  [TraceId:] c.b.m.c.injector.DefaultSqlInjector - class com.oszero.deliver.server.model.entity.MessageRecord ,Not found @TableId annotation, Cannot use Mybatis-Plus 'xxById' Method.
Deliver- 2025-02-03 18:03:12 [main] WARN  [TraceId:] o.a.r.s.a.RocketMQAutoConfiguration - The necessary spring property 'rocketmq.name-server' is not defined, all rockertmq beans creation are skipped!
Deliver- 2025-02-03 18:03:12 [main] WARN  [TraceId:] o.s.c.LocalVariableTableParameterNameDiscoverer - Using deprecated '-debug' fallback for parameter name resolution. Compile the affected code with '-parameters' instead or avoid its introspection: org.springframework.amqp.rabbit.core.RabbitAdmin
Deliver- 2025-02-03 20:15:26 [main] WARN  [TraceId:] io.undertow.websockets.jsr - UT026010: Buffer pool was not set on WebSocketDeploymentInfo, the default pool will be used
Deliver- 2025-02-03 20:15:27 [main] WARN  [TraceId:] c.b.m.c.injector.DefaultSqlInjector - class com.oszero.deliver.server.model.entity.MessageRecord ,Not found @TableId annotation, Cannot use Mybatis-Plus 'xxById' Method.
Deliver- 2025-02-03 20:15:29 [main] WARN  [TraceId:] o.a.r.s.a.RocketMQAutoConfiguration - The necessary spring property 'rocketmq.name-server' is not defined, all rockertmq beans creation are skipped!
Deliver- 2025-02-03 20:15:29 [main] WARN  [TraceId:] o.s.c.LocalVariableTableParameterNameDiscoverer - Using deprecated '-debug' fallback for parameter name resolution. Compile the affected code with '-parameters' instead or avoid its introspection: org.springframework.amqp.rabbit.core.RabbitAdmin
